<?xml version="1.0" encoding="UTF-8"?>
<!-- Generated by org.testng.reporters.JUnitXMLReporter -->
<testsuite hostname="Venkatesh-PC" name="Test" tests="3" failures="0" timestamp="4 Aug 2019 13:10:18 GMT" time="26.178" errors="0">
  <testcase name="executeSessionTwo" time="23.725" classname="fdfdfdf.TestMultipleSession"/>
  <testcase name="executSessionThree" time="24.57" classname="fdfdfdf.TestMultipleSession"/>
  <testcase name="executSessionOne" time="26.151" classname="fdfdfdf.TestMultipleSession"/>
</testsuite> <!-- Test -->
