<?xml version="1.0" encoding="UTF-8"?>
<testng-results skipped="0" failed="0" total="3" passed="3">
  <reporter-output>
  </reporter-output>
  <suite name="Suite" duration-ms="26178" started-at="2019-08-04T13:09:49Z" finished-at="2019-08-04T13:10:15Z">
    <groups>
    </groups>
    <test name="Test" duration-ms="26178" started-at="2019-08-04T13:09:49Z" finished-at="2019-08-04T13:10:15Z">
      <class name="fdfdfdf.TestMultipleSession">
        <test-method status="PASS" signature="executSessionOne()[pri:0, instance:fdfdfdf.TestMultipleSession@3a82f6ef]" name="executSessionOne" duration-ms="26151" started-at="2019-08-04T18:39:49Z" finished-at="2019-08-04T18:40:15Z">
          <reporter-output>
          </reporter-output>
        </test-method> <!-- executSessionOne -->
        <test-method status="PASS" signature="executSessionThree()[pri:0, instance:fdfdfdf.TestMultipleSession@3a82f6ef]" name="executSessionThree" duration-ms="24570" started-at="2019-08-04T18:39:49Z" finished-at="2019-08-04T18:40:13Z">
          <reporter-output>
          </reporter-output>
        </test-method> <!-- executSessionThree -->
        <test-method status="PASS" signature="executeSessionTwo()[pri:0, instance:fdfdfdf.TestMultipleSession@3a82f6ef]" name="executeSessionTwo" duration-ms="23725" started-at="2019-08-04T18:39:49Z" finished-at="2019-08-04T18:40:12Z">
          <reporter-output>
          </reporter-output>
        </test-method> <!-- executeSessionTwo -->
      </class> <!-- fdfdfdf.TestMultipleSession -->
    </test> <!-- Test -->
  </suite> <!-- Suite -->
</testng-results>
